<?xml version="1.0" encoding="UTF-8"?>
<testsuite xmlns:xsi="http://www.w3.org/2001/XMLSchema-instance" xsi:noNamespaceSchemaLocation="https://maven.apache.org/surefire/maven-surefire-plugin/xsd/surefire-test-report.xsd" version="3.0.2" name="com.coderhouse.services.CategoriaServicesTest" time="0.101" tests="6" errors="0" skipped="0" failures="0">
  <properties>
[...]
</properties>
  <testcase name="createCategoria_saves" classname="com.coderhouse.services.CategoriaServicesTest" time="0.077"/>
  <testcase name="updateCategoria_updatesName" classname="com.coderhouse.services.CategoriaServicesTest" time="0.004"/>
  <testcase name="getCategoriaById_found" classname="com.coderhouse.services.CategoriaServicesTest" time="0.005"/>
  <testcase name="deleteCategoriaById_deletes" classname="com.coderhouse.services.CategoriaServicesTest" time="0.003"/>
  <testcase name="getAllCategorias_returnsList" classname="com.coderhouse.services.CategoriaServicesTest" time="0.003"/>
  <testcase name="getCategoriaById_notFound_throws" classname="com.coderhouse.services.CategoriaServicesTest" time="0.003"/>
</testsuite>